<?xml version="1.0" encoding="UTF-8"?>
<!-- Generated by org.testng.reporters.JUnitXMLReporter -->
<testsuite ignored="0" hostname="LAPTOP-O4CI0IUR" failures="0" tests="5" name="Surefire test" time="0.091" errors="0" timestamp="2022-08-04T17:29:28 CEST">
  <testcase classname="ClienteRegistratoTest" name="getPasswordTest on getPasswordTest(ClienteRegistratoTest)" time="0.019"/>
  <testcase classname="ClienteRegistratoTest" name="getUsernameTest on getUsernameTest(ClienteRegistratoTest)" time="0.018"/>
  <testcase classname="ClienteRegistratoTest" name="getNomeTest on getNomeTest(ClienteRegistratoTest)" time="0.019"/>
  <testcase classname="ClienteRegistratoTest" name="getCognomeTest on getCognomeTest(ClienteRegistratoTest)" time="0.019"/>
  <testcase classname="ClienteRegistratoTest" name="getEmailTest on getEmailTest(ClienteRegistratoTest)" time="0.019"/>
</testsuite> <!-- Surefire test -->
