<?xml version="1.0" encoding="UTF-8"?>
<!-- Generated by org.testng.reporters.JUnitXMLReporter -->
<testsuite ignored="0" hostname="LAPTOP-O4CI0IUR" failures="0" tests="5" name="Surefire test" time="0.048" errors="0" timestamp="2022-08-05T10:46:38 CEST">
  <testcase classname="ClienteRegistratoTest" name="getEmailTest on getEmailTest(ClienteRegistratoTest)" time="0.006"/>
  <testcase classname="ClienteRegistratoTest" name="getUsernameTest on getUsernameTest(ClienteRegistratoTest)" time="0.005"/>
  <testcase classname="ClienteRegistratoTest" name="getNomeTest on getNomeTest(ClienteRegistratoTest)" time="0.006"/>
  <testcase classname="ClienteRegistratoTest" name="getCognomeTest on getCognomeTest(ClienteRegistratoTest)" time="0.007"/>
  <testcase classname="ClienteRegistratoTest" name="getPasswordTest on getPasswordTest(ClienteRegistratoTest)" time="0.007"/>
</testsuite> <!-- Surefire test -->
