<?xml version="1.0" encoding="UTF-8"?>
<testsuite xmlns:xsi="http://www.w3.org/2001/XMLSchema-instance" xsi:noNamespaceSchemaLocation="https://maven.apache.org/surefire/maven-surefire-plugin/xsd/surefire-test-report-3.0.xsd" version="3.0" name="ClienteRegistratoTest" time="0.414" tests="5" errors="0" skipped="0" failures="0">
  <properties>
[...]
</properties>
  <testcase name="getPasswordTest on getPasswordTest(ClienteRegistratoTest)" classname="ClienteRegistratoTest" time="0.003"/>
  <testcase name="getUsernameTest on getUsernameTest(ClienteRegistratoTest)" classname="ClienteRegistratoTest" time="0"/>
  <testcase name="getNomeTest on getNomeTest(ClienteRegistratoTest)" classname="ClienteRegistratoTest" time="0"/>
  <testcase name="getCognomeTest on getCognomeTest(ClienteRegistratoTest)" classname="ClienteRegistratoTest" time="0"/>
  <testcase name="getEmailTest on getEmailTest(ClienteRegistratoTest)" classname="ClienteRegistratoTest" time="0"/>
</testsuite>