<?xml version="1.0" encoding="UTF-8"?>
<testng-results ignored="0" total="5" passed="5" failed="0" skipped="0">
  <reporter-output>
  </reporter-output>
  <suite started-at="2022-08-05T10:46:38 CEST" name="Surefire suite" finished-at="2022-08-05T10:46:38 CEST" duration-ms="48">
    <groups>
    </groups>
    <test started-at="2022-08-05T10:46:38 CEST" name="Surefire test" finished-at="2022-08-05T10:46:38 CEST" duration-ms="48">
      <class name="ClienteRegistratoTest">
        <test-method signature="getEmailTest()" started-at="2022-08-05T10:46:38 CEST" name="getEmailTest" finished-at="2022-08-05T10:46:38 CEST" duration-ms="6" status="PASS">
          <reporter-output>
          </reporter-output>
        </test-method> <!-- getEmailTest -->
        <test-method signature="getUsernameTest()" started-at="2022-08-05T10:46:38 CEST" name="getUsernameTest" finished-at="2022-08-05T10:46:38 CEST" duration-ms="5" status="PASS">
          <reporter-output>
          </reporter-output>
        </test-method> <!-- getUsernameTest -->
        <test-method signature="getPasswordTest()" started-at="2022-08-05T10:46:38 CEST" name="getPasswordTest" finished-at="2022-08-05T10:46:38 CEST" duration-ms="7" status="PASS">
          <reporter-output>
          </reporter-output>
        </test-method> <!-- getPasswordTest -->
        <test-method signature="getNomeTest()" started-at="2022-08-05T10:46:38 CEST" name="getNomeTest" finished-at="2022-08-05T10:46:38 CEST" duration-ms="6" status="PASS">
          <reporter-output>
          </reporter-output>
        </test-method> <!-- getNomeTest -->
        <test-method signature="getCognomeTest()" started-at="2022-08-05T10:46:38 CEST" name="getCognomeTest" finished-at="2022-08-05T10:46:38 CEST" duration-ms="7" status="PASS">
          <reporter-output>
          </reporter-output>
        </test-method> <!-- getCognomeTest -->
      </class> <!-- ClienteRegistratoTest -->
    </test> <!-- Surefire test -->
  </suite> <!-- Surefire suite -->
</testng-results>
